# JRE version: OpenJDK Runtime Environment (8.0_242) (build 1.8.0_242-release-1644-b3-6222593)
# Java VM: OpenJDK 64-Bit Server VM (25.242-b3-6222593 mixed mode linux-amd64 compressed oops)
Heap:
 PSYoungGen      total 423424K, used 28654K [0x00000000e0000000, 0x00000000fbb80000, 0x0000000100000000)
  eden space 394752K, 0% used [0x00000000e0000000,0x00000000e0000000,0x00000000f8180000)
  from space 28672K, 99% used [0x00000000f8180000,0x00000000f9d7bab0,0x00000000f9d80000)
  to   space 22528K, 0% used [0x00000000f9d80000,0x00000000f9d80000,0x00000000fb380000)
 ParOldGen       total 95232K, used 48963K [0x00000000a0000000, 0x00000000a5d00000, 0x00000000e0000000)
  object space 95232K, 51% used [0x00000000a0000000,0x00000000a2fd0e80,0x00000000a5d00000)
 Metaspace       used 81677K, capacity 85540K, committed 85784K, reserved 1124352K
  class space    used 10748K, capacity 11507K, committed 11568K, reserved 1048576K
GC Heap History (10 events):
Event: 982.923 GC heap after
Heap after GC invocations=17 (full 3):
 PSYoungGen      total 313344K, used 763K [0x00000000e0000000, 0x00000000f4f80000, 0x0000000100000000)
  eden space 303616K, 0% used [0x00000000e0000000,0x00000000e0000000,0x00000000f2880000)
  from space 9728K, 7% used [0x00000000f4600000,0x00000000f46bee10,0x00000000f4f80000)
  to   space 19968K, 0% used [0x00000000f2880000,0x00000000f2880000,0x00000000f3c00000)
 ParOldGen       total 95232K, used 35674K [0x00000000a0000000, 0x00000000a5d00000, 0x00000000e0000000)
  object space 95232K, 37% used [0x00000000a0000000,0x00000000a22d6bd8,0x00000000a5d00000)
 Metaspace       used 65762K, capacity 68404K, committed 68632K, reserved 1107968K
  class space    used 8859K, capacity 9435K, committed 9520K, reserved 1048576K
}
Event: 1958.919 GC heap before
{Heap before GC invocations=18 (full 3):
 PSYoungGen      total 313344K, used 304379K [0x00000000e0000000, 0x00000000f4f80000, 0x0000000100000000)
  eden space 303616K, 100% used [0x00000000e0000000,0x00000000f2880000,0x00000000f2880000)
  from space 9728K, 7% used [0x00000000f4600000,0x00000000f46bee10,0x00000000f4f80000)
  to   space 19968K, 0% used [0x00000000f2880000,0x00000000f2880000,0x00000000f3c00000)
 ParOldGen       total 95232K, used 35674K [0x00000000a0000000, 0x00000000a5d00000, 0x00000000e0000000)
  object space 95232K, 37% used [0x00000000a0000000,0x00000000a22d6bd8,0x00000000a5d00000)
 Metaspace       used 67852K, capacity 70452K, committed 70552K, reserved 1110016K
  class space    used 9086K, capacity 9627K, committed 9648K, reserved 1048576K
Event: 1958.928 GC heap after
Heap after GC invocations=18 (full 3):
 PSYoungGen      total 323584K, used 984K [0x00000000e0000000, 0x00000000f8f00000, 0x0000000100000000)
  eden space 303616K, 0% used [0x00000000e0000000,0x00000000e0000000,0x00000000f2880000)
  from space 19968K, 4% used [0x00000000f2880000,0x00000000f2976100,0x00000000f3c00000)
  to   space 19968K, 0% used [0x00000000f7b80000,0x00000000f7b80000,0x00000000f8f00000)
 ParOldGen       total 95232K, used 35682K [0x00000000a0000000, 0x00000000a5d00000, 0x00000000e0000000)
  object space 95232K, 37% used [0x00000000a0000000,0x00000000a22d8bd8,0x00000000a5d00000)
 Metaspace       used 67852K, capacity 70452K, committed 70552K, reserved 1110016K
  class space    used 9086K, capacity 9627K, committed 9648K, reserved 1048576K
}
Event: 2287.804 GC heap before
{Heap before GC invocations=19 (full 3):
 PSYoungGen      total 323584K, used 304600K [0x00000000e0000000, 0x00000000f8f00000, 0x0000000100000000)
  eden space 303616K, 100% used [0x00000000e0000000,0x00000000f2880000,0x00000000f2880000)
  from space 19968K, 4% used [0x00000000f2880000,0x00000000f2976100,0x00000000f3c00000)
  to   space 19968K, 0% used [0x00000000f7b80000,0x00000000f7b80000,0x00000000f8f00000)
 ParOldGen       total 95232K, used 35682K [0x00000000a0000000, 0x00000000a5d00000, 0x00000000e0000000)
  object space 95232K, 37% used [0x00000000a0000000,0x00000000a22d8bd8,0x00000000a5d00000)
 Metaspace       used 67955K, capacity 70580K, committed 70808K, reserved 1110016K
  class space    used 9086K, capacity 9627K, committed 9648K, reserved 1048576K
Event: 2287.822 GC heap after
Heap after GC invocations=19 (full 3):
 PSYoungGen      total 370176K, used 13280K [0x00000000e0000000, 0x00000000f8880000, 0x0000000100000000)
  eden space 356864K, 0% used [0x00000000e0000000,0x00000000e0000000,0x00000000f5c80000)
  from space 13312K, 99% used [0x00000000f7b80000,0x00000000f8878010,0x00000000f8880000)
  to   space 20992K, 0% used [0x00000000f5f80000,0x00000000f5f80000,0x00000000f7400000)
 ParOldGen       total 95232K, used 35690K [0x00000000a0000000, 0x00000000a5d00000, 0x00000000e0000000)
  object space 95232K, 37% used [0x00000000a0000000,0x00000000a22dabd8,0x00000000a5d00000)
 Metaspace       used 67955K, capacity 70580K, committed 70808K, reserved 1110016K
  class space    used 9086K, capacity 9627K, committed 9648K, reserved 1048576K
}
Event: 2290.640 GC heap before
{Heap before GC invocations=20 (full 3):
 PSYoungGen      total 370176K, used 370144K [0x00000000e0000000, 0x00000000f8880000, 0x0000000100000000)
  eden space 356864K, 100% used [0x00000000e0000000,0x00000000f5c80000,0x00000000f5c80000)
  from space 13312K, 99% used [0x00000000f7b80000,0x00000000f8878010,0x00000000f8880000)
  to   space 20992K, 0% used [0x00000000f5f80000,0x00000000f5f80000,0x00000000f7400000)
 ParOldGen       total 95232K, used 35690K [0x00000000a0000000, 0x00000000a5d00000, 0x00000000e0000000)
  object space 95232K, 37% used [0x00000000a0000000,0x00000000a22dabd8,0x00000000a5d00000)
 Metaspace       used 68965K, capacity 71688K, committed 72088K, reserved 1112064K
  class space    used 9239K, capacity 9779K, committed 9904K, reserved 1048576K
Event: 2290.695 GC heap after
Heap after GC invocations=20 (full 3):
 PSYoungGen      total 380928K, used 15676K [0x00000000e0000000, 0x00000000fb380000, 0x0000000100000000)
  eden space 359936K, 0% used [0x00000000e0000000,0x00000000e0000000,0x00000000f5f80000)
  from space 20992K, 74% used [0x00000000f5f80000,0x00000000f6ecf3c8,0x00000000f7400000)
  to   space 22528K, 0% used [0x00000000f9d80000,0x00000000f9d80000,0x00000000fb380000)
 ParOldGen       total 95232K, used 35698K [0x00000000a0000000, 0x00000000a5d00000, 0x00000000e0000000)
  object space 95232K, 37% used [0x00000000a0000000,0x00000000a22dcbd8,0x00000000a5d00000)
 Metaspace       used 68965K, capacity 71688K, committed 72088K, reserved 1112064K
  class space    used 9239K, capacity 9779K, committed 9904K, reserved 1048576K
}
Event: 2335.519 GC heap before
{Heap before GC invocations=21 (full 3):
 PSYoungGen      total 380928K, used 375612K [0x00000000e0000000, 0x00000000fb380000, 0x0000000100000000)
  eden space 359936K, 100% used [0x00000000e0000000,0x00000000f5f80000,0x00000000f5f80000)
  from space 20992K, 74% used [0x00000000f5f80000,0x00000000f6ecf3c8,0x00000000f7400000)
  to   space 22528K, 0% used [0x00000000f9d80000,0x00000000f9d80000,0x00000000fb380000)
 ParOldGen       total 95232K, used 35698K [0x00000000a0000000, 0x00000000a5d00000, 0x00000000e0000000)
  object space 95232K, 37% used [0x00000000a0000000,0x00000000a22dcbd8,0x00000000a5d00000)
 Metaspace       used 76012K, capacity 79638K, committed 79768K, reserved 1118208K
  class space    used 10142K, capacity 10862K, committed 10928K, reserved 1048576K
Event: 2335.594 GC heap after
Heap after GC invocations=21 (full 3):
 PSYoungGen      total 417280K, used 22524K [0x00000000e0000000, 0x00000000fbb80000, 0x0000000100000000)
  eden space 394752K, 0% used [0x00000000e0000000,0x00000000e0000000,0x00000000f8180000)
  from space 22528K, 99% used [0x00000000f9d80000,0x00000000fb37f0e0,0x00000000fb380000)
  to   space 28672K, 0% used [0x00000000f8180000,0x00000000f8180000,0x00000000f9d80000)
 ParOldGen       total 95232K, used 42726K [0x00000000a0000000, 0x00000000a5d00000, 0x00000000e0000000)
  object space 95232K, 44% used [0x00000000a0000000,0x00000000a29b9ab0,0x00000000a5d00000)
 Metaspace       used 76012K, capacity 79638K, committed 79768K, reserved 1118208K
  class space    used 10142K, capacity 10862K, committed 10928K, reserved 1048576K
}
Event: 2535.031 GC heap before
{Heap before GC invocations=22 (full 3):
 PSYoungGen      total 417280K, used 417276K [0x00000000e0000000, 0x00000000fbb80000, 0x0000000100000000)
  eden space 394752K, 100% used [0x00000000e0000000,0x00000000f8180000,0x00000000f8180000)
  from space 22528K, 99% used [0x00000000f9d80000,0x00000000fb37f0e0,0x00000000fb380000)
  to   space 28672K, 0% used [0x00000000f8180000,0x00000000f8180000,0x00000000f9d80000)
 ParOldGen       total 95232K, used 42726K [0x00000000a0000000, 0x00000000a5d00000, 0x00000000e0000000)
  object space 95232K, 44% used [0x00000000a0000000,0x00000000a29b9ab0,0x00000000a5d00000)
 Metaspace       used 81677K, capacity 85540K, committed 85784K, reserved 1124352K
  class space    used 10748K, capacity 11507K, committed 11568K, reserved 1048576K

